<?xml version="1.0" encoding="UTF-8"?>
<Site BuildName="Darwin-clang++"
	BuildStamp="20250929-0001-Experimental"
	Name="a-clump-of-moss-4.local"
	Generator="ctest-3.27.7"
	CompilerName="/usr/bin/clang++"
	CompilerVersion="11.0.3.11030032"
	OSName="macOS"
	Hostname="a-clump-of-moss-4.local"
	OSRelease="14.1.2"
	OSVersion="23B92"
	OSPlatform="x86_64"
	Is64Bits="1"
	VendorString="GenuineIntel"
	VendorID="Intel Corporation"
	FamilyID="6"
	ModelID="142"
	ProcessorCacheSize="32768"
	NumberOfLogicalCPU="8"
	NumberOfPhysicalCPU="4"
	TotalVirtualMemory="4096"
	TotalPhysicalMemory="8192"
	LogicalProcessorsPerPhysical="8"
	ProcessorClockFrequency="2300"
	>
	<Testing>
		<StartDateTime>Sep 29 01:01 BST</StartDateTime>
		<StartTestTime>1759104111</StartTestTime>
		<TestList/>
		<EndDateTime>Sep 29 01:01 BST</EndDateTime>
		<EndTestTime>1759104111</EndTestTime>
		<ElapsedMinutes>0</ElapsedMinutes>
	</Testing>
</Site>
